[INFO] Scanning for projects...
[INFO] Inspecting build with total of 1 modules
[INFO] Installing Central Publishing features
[INFO] 
[INFO] ---------------------< com.google.code.gson:gson >----------------------
[INFO] Building Gson 2.13.3-SNAPSHOT
[INFO]   from pom.xml
[INFO] --------------------------------[ jar ]---------------------------------
[INFO] 
[INFO] --- clean:3.2.0:clean (default-clean) @ gson ---
[INFO] 
[INFO] --- enforcer:3.6.2:enforce (enforce-versions) @ gson ---
[INFO] Rule 0: org.apache.maven.enforcer.rules.version.RequireMavenVersion passed
[INFO] Rule 1: org.apache.maven.enforcer.rules.version.RequireJavaVersion passed
[INFO] 
[INFO] --- templating:3.1.0:filter-sources (filtering-java-templates) @ gson ---
[INFO] Copying files with filtering to temporary directory.
[INFO] Copying 1 resource from src/main/java-templates to target/templates-tmp3077576391
[INFO] Copied 1 files to output directory: /Users/haidari/Desktop/M5/gson/gson/target/generated-sources/java-templates
[INFO] Source directory: /Users/haidari/Desktop/M5/gson/gson/target/generated-sources/java-templates added.
[INFO] 
[INFO] --- resources:3.4.0:resources (default-resources) @ gson ---
[INFO] Copying 1 resource from src/main/resources to target/classes
[INFO] 
[INFO] --- compiler:3.15.0:compile (default-compile) @ gson ---
[INFO] Recompiling the module because of changed source code.
[INFO] Compiling 86 source files with javac [debug deprecation release 8] to target/classes
[INFO] 
[INFO] --- bnd:6.4.0:bnd-process (default) @ gson ---
[WARNING] /Users/haidari/Desktop/M5/gson/gson/pom.xml [0:0]: Export com.google.gson,  has 1,  private references [com.google.gson.internal]
[INFO] 
[INFO] --- resources:3.4.0:testResources (default-testResources) @ gson ---
[INFO] Copying 1 resource from src/test/resources to target/test-classes
[INFO] 
[INFO] --- compiler:3.15.0:testCompile (default-testCompile) @ gson ---
[INFO] Recompiling the module because of changed dependency.
[INFO] Compiling 123 source files with javac [debug deprecation release 17] to target/test-classes
[INFO] 
[INFO] --- resources:3.4.0:copy-resources (pre-obfuscate-class) @ gson ---
[INFO] Copying 2 resources from target/test-classes/com/google/gson/functional to target/test-classes-obfuscated-injar/com/google/gson/functional
[INFO] 
[INFO] --- proguard:2.7.0:proguard (obfuscate-test-class) @ gson ---
[INFO] execute ProGuard [-injars, '/Users/haidari/Desktop/M5/gson/gson/target/test-classes-obfuscated-injar'(!META-INF/maven/**,**/*.class), -libraryjars, '/Users/haidari/Desktop/M5/.m2/com/google/errorprone/error_prone_annotations/2.47.0/error_prone_annotations-2.47.0.jar', -outjars, '/Users/haidari/Desktop/M5/gson/gson/target/test-classes-obfuscated-outjar', -include, '/Users/haidari/Desktop/M5/gson/gson/src/test/resources/testcases-proguard.conf', -libraryjars, '/Users/haidari/Desktop/M5/gson/gson/target/classes', -libraryjars, '/Users/haidari/Library/Java/JavaVirtualMachines/openjdk-21/Contents/Home/jmods/java.base.jmod', -printmapping, '/Users/haidari/Desktop/M5/gson/gson/target/proguard_map.txt', -printseeds, '/Users/haidari/Desktop/M5/gson/gson/target/proguard_seed.txt']
[INFO] proguard jar: [/Users/haidari/Desktop/M5/.m2/com/guardsquare/proguard-base/7.8.2/proguard-base-7.8.2.jar, /Users/haidari/Desktop/M5/.m2/com/guardsquare/proguard-core/9.3.0/proguard-core-9.3.0.jar]
 [proguard] ProGuard, version 7.8.2
[INFO] 
[INFO] --- resources:3.4.0:copy-resources (post-obfuscate-class) @ gson ---
[INFO] Copying 2 resources from target/test-classes-obfuscated-outjar/com/google/gson/functional to target/test-classes/com/google/gson/functional
[INFO] 
[INFO] --- surefire:3.5.4:test (default-test) @ gson ---
[INFO] Using auto detected provider org.apache.maven.surefire.junit4.JUnit4Provider
[INFO] 
[INFO] -------------------------------------------------------
[INFO]  T E S T S
[INFO] -------------------------------------------------------
[INFO] Running com.google.gson.JsonObjectAsMapTest
[INFO] Tests run: 13, Failures: 0, Errors: 0, Skipped: 0, Time elapsed: 0.057 s -- in com.google.gson.JsonObjectAsMapTest
[INFO] Running com.google.gson.metrics.PerformanceTest
[WARNING] Tests run: 12, Failures: 0, Errors: 0, Skipped: 11, Time elapsed: 0.011 s -- in com.google.gson.metrics.PerformanceTest
[INFO] Running com.google.gson.JsonStreamParserTest
[INFO] Tests run: 7, Failures: 0, Errors: 0, Skipped: 0, Time elapsed: 0.008 s -- in com.google.gson.JsonStreamParserTest
[INFO] Running com.google.gson.FieldAttributesTest
[INFO] Tests run: 5, Failures: 0, Errors: 0, Skipped: 0, Time elapsed: 0.002 s -- in com.google.gson.FieldAttributesTest
[INFO] Running com.google.gson.JsonParserTest
[INFO] Tests run: 14, Failures: 0, Errors: 0, Skipped: 0, Time elapsed: 0.061 s -- in com.google.gson.JsonParserTest
[INFO] Running com.google.gson.GsonBuilderTest
[WARNING] Tests run: 22, Failures: 0, Errors: 0, Skipped: 1, Time elapsed: 0.050 s -- in com.google.gson.GsonBuilderTest
[INFO] Running com.google.gson.MixedStreamTest
[INFO] Tests run: 13, Failures: 0, Errors: 0, Skipped: 0, Time elapsed: 0.008 s -- in com.google.gson.MixedStreamTest
[INFO] Running com.google.gson.JavaSerializationTest
[INFO] Tests run: 3, Failures: 0, Errors: 0, Skipped: 0, Time elapsed: 0.042 s -- in com.google.gson.JavaSerializationTest
[INFO] Running com.google.gson.JsonParserParameterizedTest
[INFO] Tests run: 8, Failures: 0, Errors: 0, Skipped: 0, Time elapsed: 0.008 s -- in com.google.gson.JsonParserParameterizedTest
[INFO] Running com.google.gson.JsonObjectTest
[INFO] Tests run: 18, Failures: 0, Errors: 0, Skipped: 0, Time elapsed: 0.009 s -- in com.google.gson.JsonObjectTest
[INFO] Running com.google.gson.stream.JsonReaderPathTest
[WARNING] Tests run: 28, Failures: 0, Errors: 0, Skipped: 1, Time elapsed: 0.010 s -- in com.google.gson.stream.JsonReaderPathTest
[INFO] Running com.google.gson.stream.JsonReaderTest
[WARNING] Tests run: 151, Failures: 0, Errors: 0, Skipped: 3, Time elapsed: 0.072 s -- in com.google.gson.stream.JsonReaderTest
[INFO] Running com.google.gson.stream.JsonWriterTest
[INFO] Tests run: 55, Failures: 0, Errors: 0, Skipped: 0, Time elapsed: 0.010 s -- in com.google.gson.stream.JsonWriterTest
[INFO] Running com.google.gson.JsonArrayTest
[INFO] Tests run: 18, Failures: 0, Errors: 0, Skipped: 0, Time elapsed: 0.001 s -- in com.google.gson.JsonArrayTest
[INFO] Running com.google.gson.JsonArrayAsListSuiteTest
[INFO] Tests run: 404, Failures: 0, Errors: 0, Skipped: 0, Time elapsed: 0.444 s -- in com.google.gson.JsonArrayAsListSuiteTest
[INFO] Running com.google.gson.reflect.TypeTokenTest
[INFO] Tests run: 11, Failures: 0, Errors: 0, Skipped: 0, Time elapsed: 0.007 s -- in com.google.gson.reflect.TypeTokenTest
[INFO] Running com.google.gson.GenericArrayTypeTest
[INFO] Tests run: 2, Failures: 0, Errors: 0, Skipped: 0, Time elapsed: 0 s -- in com.google.gson.GenericArrayTypeTest
[INFO] Running com.google.gson.internal.LinkedTreeMapSuiteTest
[INFO] Tests run: 1854, Failures: 0, Errors: 0, Skipped: 0, Time elapsed: 0.339 s -- in com.google.gson.internal.LinkedTreeMapSuiteTest
[INFO] Running com.google.gson.internal.GsonBuildConfigTest
[INFO] Tests run: 1, Failures: 0, Errors: 0, Skipped: 0, Time elapsed: 0 s -- in com.google.gson.internal.GsonBuildConfigTest
[INFO] Running com.google.gson.internal.StreamsTest
[INFO] Tests run: 1, Failures: 0, Errors: 0, Skipped: 0, Time elapsed: 0 s -- in com.google.gson.internal.StreamsTest
[INFO] Running com.google.gson.internal.ConstructorConstructorTest
[INFO] Tests run: 7, Failures: 0, Errors: 0, Skipped: 0, Time elapsed: 0 s -- in com.google.gson.internal.ConstructorConstructorTest
[INFO] Running com.google.gson.internal.LinkedTreeMapTest
[INFO] Tests run: 18, Failures: 0, Errors: 0, Skipped: 0, Time elapsed: 0 s -- in com.google.gson.internal.LinkedTreeMapTest
[INFO] Running com.google.gson.internal.reflect.Java17ReflectionHelperTest
[INFO] Tests run: 2, Failures: 0, Errors: 0, Skipped: 0, Time elapsed: 0 s -- in com.google.gson.internal.reflect.Java17ReflectionHelperTest
[INFO] Running com.google.gson.internal.UnsafeAllocatorInstantiationTest
[INFO] Tests run: 3, Failures: 0, Errors: 0, Skipped: 0, Time elapsed: 0 s -- in com.google.gson.internal.UnsafeAllocatorInstantiationTest
[INFO] Running com.google.gson.internal.LazilyParsedNumberTest
[INFO] Tests run: 3, Failures: 0, Errors: 0, Skipped: 0, Time elapsed: 0 s -- in com.google.gson.internal.LazilyParsedNumberTest
[INFO] Running com.google.gson.internal.JavaVersionTest
[INFO] Tests run: 7, Failures: 0, Errors: 0, Skipped: 0, Time elapsed: 0 s -- in com.google.gson.internal.JavaVersionTest
[INFO] Running com.google.gson.internal.bind.Java17ReflectiveTypeAdapterFactoryTest
[INFO] Tests run: 2, Failures: 0, Errors: 0, Skipped: 0, Time elapsed: 0 s -- in com.google.gson.internal.bind.Java17ReflectiveTypeAdapterFactoryTest
[INFO] Running com.google.gson.internal.bind.util.ISO8601UtilsTest
[INFO] Tests run: 9, Failures: 0, Errors: 0, Skipped: 0, Time elapsed: 0 s -- in com.google.gson.internal.bind.util.ISO8601UtilsTest
[INFO] Running com.google.gson.internal.bind.RecursiveTypesResolveTest
[INFO] Tests run: 7, Failures: 0, Errors: 0, Skipped: 0, Time elapsed: 0 s -- in com.google.gson.internal.bind.RecursiveTypesResolveTest
[INFO] Running com.google.gson.internal.bind.JsonTreeWriterTest
[INFO] Tests run: 25, Failures: 0, Errors: 0, Skipped: 0, Time elapsed: 0.001 s -- in com.google.gson.internal.bind.JsonTreeWriterTest
[INFO] Running com.google.gson.internal.bind.DefaultDateTypeAdapterTest
[INFO] Tests run: 11, Failures: 0, Errors: 0, Skipped: 0, Time elapsed: 0.090 s -- in com.google.gson.internal.bind.DefaultDateTypeAdapterTest
[INFO] Running com.google.gson.internal.bind.JsonElementReaderTest
[INFO] Tests run: 18, Failures: 0, Errors: 0, Skipped: 0, Time elapsed: 0.002 s -- in com.google.gson.internal.bind.JsonElementReaderTest
[INFO] Running com.google.gson.internal.bind.JsonTreeReaderTest
[INFO] Tests run: 10, Failures: 0, Errors: 0, Skipped: 0, Time elapsed: 0.001 s -- in com.google.gson.internal.bind.JsonTreeReaderTest
[INFO] Running com.google.gson.internal.GsonTypesTest
[INFO] Tests run: 6, Failures: 0, Errors: 0, Skipped: 0, Time elapsed: 0 s -- in com.google.gson.internal.GsonTypesTest
[INFO] Running com.google.gson.internal.sql.SqlTypesGsonTest
[INFO] Tests run: 9, Failures: 0, Errors: 0, Skipped: 0, Time elapsed: 0.005 s -- in com.google.gson.internal.sql.SqlTypesGsonTest
[INFO] Running com.google.gson.internal.sql.SqlTypesSupportTest
[INFO] Tests run: 1, Failures: 0, Errors: 0, Skipped: 0, Time elapsed: 0 s -- in com.google.gson.internal.sql.SqlTypesSupportTest
[INFO] Running com.google.gson.JsonNullTest
[INFO] Tests run: 3, Failures: 0, Errors: 0, Skipped: 0, Time elapsed: 0 s -- in com.google.gson.JsonNullTest
[INFO] Running com.google.gson.ObjectTypeAdapterTest
[INFO] Tests run: 7, Failures: 0, Errors: 0, Skipped: 0, Time elapsed: 0.031 s -- in com.google.gson.ObjectTypeAdapterTest
[INFO] Running com.google.gson.CommentsTest
[INFO] Tests run: 1, Failures: 0, Errors: 0, Skipped: 0, Time elapsed: 0 s -- in com.google.gson.CommentsTest
[INFO] Running com.google.gson.TypeAdapterTest
[INFO] Tests run: 6, Failures: 0, Errors: 0, Skipped: 0, Time elapsed: 0 s -- in com.google.gson.TypeAdapterTest
[INFO] Running com.google.gson.ParameterizedTypeTest
[INFO] Tests run: 2, Failures: 0, Errors: 0, Skipped: 0, Time elapsed: 0 s -- in com.google.gson.ParameterizedTypeTest
[INFO] Running com.google.gson.DefaultMapJsonSerializerTest
[INFO] Tests run: 3, Failures: 0, Errors: 0, Skipped: 0, Time elapsed: 0 s -- in com.google.gson.DefaultMapJsonSerializerTest
[INFO] Running com.google.gson.GsonTypeAdapterTest
[INFO] Tests run: 5, Failures: 0, Errors: 0, Skipped: 0, Time elapsed: 0 s -- in com.google.gson.GsonTypeAdapterTest
[INFO] Running com.google.gson.JsonPrimitiveTest
[INFO] Tests run: 30, Failures: 0, Errors: 0, Skipped: 0, Time elapsed: 0.003 s -- in com.google.gson.JsonPrimitiveTest
[INFO] Running com.google.gson.OverrideCoreTypeAdaptersTest
[INFO] Tests run: 3, Failures: 0, Errors: 0, Skipped: 0, Time elapsed: 0 s -- in com.google.gson.OverrideCoreTypeAdaptersTest
[INFO] Running com.google.gson.JsonObjectAsMapSuiteTest
[INFO] Tests run: 903, Failures: 0, Errors: 0, Skipped: 0, Time elapsed: 0.099 s -- in com.google.gson.JsonObjectAsMapSuiteTest
[INFO] Running com.google.gson.GsonTest
[INFO] Tests run: 14, Failures: 0, Errors: 0, Skipped: 0, Time elapsed: 0 s -- in com.google.gson.GsonTest
[INFO] Running com.google.gson.ToNumberPolicyTest
[INFO] Tests run: 5, Failures: 0, Errors: 0, Skipped: 0, Time elapsed: 0 s -- in com.google.gson.ToNumberPolicyTest
[INFO] Running com.google.gson.InnerClassExclusionStrategyTest
[INFO] Tests run: 4, Failures: 0, Errors: 0, Skipped: 0, Time elapsed: 0 s -- in com.google.gson.InnerClassExclusionStrategyTest
[INFO] Running com.google.gson.JsonArrayAsListTest
[INFO] Tests run: 16, Failures: 0, Errors: 0, Skipped: 0, Time elapsed: 0.001 s -- in com.google.gson.JsonArrayAsListTest
[INFO] Running com.google.gson.VersionExclusionStrategyTest
[INFO] Tests run: 3, Failures: 0, Errors: 0, Skipped: 0, Time elapsed: 0 s -- in com.google.gson.VersionExclusionStrategyTest
[INFO] Running com.google.gson.ExposeAnnotationExclusionStrategyTest
[INFO] Tests run: 6, Failures: 0, Errors: 0, Skipped: 0, Time elapsed: 0.001 s -- in com.google.gson.ExposeAnnotationExclusionStrategyTest
[INFO] Running com.google.gson.functional.JavaUtilTest
[INFO] Tests run: 2, Failures: 0, Errors: 0, Skipped: 0, Time elapsed: 0 s -- in com.google.gson.functional.JavaUtilTest
[INFO] Running com.google.gson.functional.JsonAdapterAnnotationOnFieldsTest
[INFO] Tests run: 19, Failures: 0, Errors: 0, Skipped: 0, Time elapsed: 0 s -- in com.google.gson.functional.JsonAdapterAnnotationOnFieldsTest
[INFO] Running com.google.gson.functional.ToNumberPolicyFunctionalTest
[INFO] Tests run: 7, Failures: 0, Errors: 0, Skipped: 0, Time elapsed: 0.002 s -- in com.google.gson.functional.ToNumberPolicyFunctionalTest
[INFO] Running com.google.gson.functional.PrimitiveTest
[INFO] Tests run: 106, Failures: 0, Errors: 0, Skipped: 0, Time elapsed: 0.028 s -- in com.google.gson.functional.PrimitiveTest
[INFO] Running com.google.gson.functional.ReflectionAccessTest
[WARNING] Tests run: 3, Failures: 0, Errors: 0, Skipped: 1, Time elapsed: 0 s -- in com.google.gson.functional.ReflectionAccessTest
[INFO] Running com.google.gson.functional.StreamingTypeAdaptersTest
[INFO] Tests run: 17, Failures: 0, Errors: 0, Skipped: 0, Time elapsed: 0.008 s -- in com.google.gson.functional.StreamingTypeAdaptersTest
[INFO] Running com.google.gson.functional.ArrayTest
[INFO] Tests run: 28, Failures: 0, Errors: 0, Skipped: 0, Time elapsed: 0.002 s -- in com.google.gson.functional.ArrayTest
[INFO] Running com.google.gson.functional.CollectionTest
[INFO] Tests run: 30, Failures: 0, Errors: 0, Skipped: 0, Time elapsed: 0.009 s -- in com.google.gson.functional.CollectionTest
[INFO] Running com.google.gson.functional.JavaUtilConcurrentAtomicTest
[INFO] Tests run: 7, Failures: 0, Errors: 0, Skipped: 0, Time elapsed: 0 s -- in com.google.gson.functional.JavaUtilConcurrentAtomicTest
[INFO] Running com.google.gson.functional.JsonAdapterAnnotationOnClassesTest
[INFO] Tests run: 20, Failures: 0, Errors: 0, Skipped: 0, Time elapsed: 0.015 s -- in com.google.gson.functional.JsonAdapterAnnotationOnClassesTest
[INFO] Running com.google.gson.functional.DefaultTypeAdaptersTest
[INFO] Tests run: 77, Failures: 0, Errors: 0, Skipped: 0, Time elapsed: 0.030 s -- in com.google.gson.functional.DefaultTypeAdaptersTest
[INFO] Running com.google.gson.functional.CircularReferenceTest
[INFO] Tests run: 6, Failures: 0, Errors: 0, Skipped: 0, Time elapsed: 0.017 s -- in com.google.gson.functional.CircularReferenceTest
[INFO] Running com.google.gson.functional.RuntimeTypeAdapterFactoryFunctionalTest
[INFO] Tests run: 1, Failures: 0, Errors: 0, Skipped: 0, Time elapsed: 0.001 s -- in com.google.gson.functional.RuntimeTypeAdapterFactoryFunctionalTest
[INFO] Running com.google.gson.functional.RawSerializationTest
[INFO] Tests run: 5, Failures: 0, Errors: 0, Skipped: 0, Time elapsed: 0 s -- in com.google.gson.functional.RawSerializationTest
[INFO] Running com.google.gson.functional.JsonParserTest
[INFO] Tests run: 8, Failures: 0, Errors: 0, Skipped: 0, Time elapsed: 0.002 s -- in com.google.gson.functional.JsonParserTest
[INFO] Running com.google.gson.functional.ReflectionAccessFilterTest
[INFO] Tests run: 15, Failures: 0, Errors: 0, Skipped: 0, Time elapsed: 0.013 s -- in com.google.gson.functional.ReflectionAccessFilterTest
[INFO] Running com.google.gson.functional.ReusedTypeVariablesFullyResolveTest
[INFO] Tests run: 1, Failures: 0, Errors: 0, Skipped: 0, Time elapsed: 0.001 s -- in com.google.gson.functional.ReusedTypeVariablesFullyResolveTest
[INFO] Running com.google.gson.functional.DelegateTypeAdapterTest
[INFO] Tests run: 2, Failures: 0, Errors: 0, Skipped: 0, Time elapsed: 0 s -- in com.google.gson.functional.DelegateTypeAdapterTest
[INFO] Running com.google.gson.functional.SecurityTest
[INFO] Tests run: 5, Failures: 0, Errors: 0, Skipped: 0, Time elapsed: 0 s -- in com.google.gson.functional.SecurityTest
[INFO] Running com.google.gson.functional.InternationalizationTest
[INFO] Tests run: 6, Failures: 0, Errors: 0, Skipped: 0, Time elapsed: 0.001 s -- in com.google.gson.functional.InternationalizationTest
[INFO] Running com.google.gson.functional.StringTest
[INFO] Tests run: 18, Failures: 0, Errors: 0, Skipped: 0, Time elapsed: 0 s -- in com.google.gson.functional.StringTest
[INFO] Running com.google.gson.functional.InstanceCreatorTest
[INFO] Tests run: 5, Failures: 0, Errors: 0, Skipped: 0, Time elapsed: 0 s -- in com.google.gson.functional.InstanceCreatorTest
[INFO] Running com.google.gson.functional.MoreSpecificTypeSerializationTest
[INFO] Tests run: 6, Failures: 0, Errors: 0, Skipped: 0, Time elapsed: 0 s -- in com.google.gson.functional.MoreSpecificTypeSerializationTest
[INFO] Running com.google.gson.functional.JsonTreeTest
[INFO] Tests run: 4, Failures: 0, Errors: 0, Skipped: 0, Time elapsed: 0 s -- in com.google.gson.functional.JsonTreeTest
[INFO] Running com.google.gson.functional.FieldNamingTest
[INFO] Tests run: 6, Failures: 0, Errors: 0, Skipped: 0, Time elapsed: 0 s -- in com.google.gson.functional.FieldNamingTest
[INFO] Running com.google.gson.functional.MapAsArrayTypeAdapterTest
[WARNING] Tests run: 6, Failures: 0, Errors: 0, Skipped: 1, Time elapsed: 0 s -- in com.google.gson.functional.MapAsArrayTypeAdapterTest
[INFO] Running com.google.gson.functional.MapTest
[INFO] Tests run: 52, Failures: 0, Errors: 0, Skipped: 0, Time elapsed: 0 s -- in com.google.gson.functional.MapTest
[INFO] Running com.google.gson.functional.GsonVersionDiagnosticsTest
[INFO] Tests run: 3, Failures: 0, Errors: 0, Skipped: 0, Time elapsed: 0 s -- in com.google.gson.functional.GsonVersionDiagnosticsTest
[INFO] Running com.google.gson.functional.InheritanceTest
[INFO] Tests run: 13, Failures: 0, Errors: 0, Skipped: 0, Time elapsed: 0.001 s -- in com.google.gson.functional.InheritanceTest
[INFO] Running com.google.gson.functional.ConcurrencyTest
[INFO] Tests run: 4, Failures: 0, Errors: 0, Skipped: 0, Time elapsed: 0.003 s -- in com.google.gson.functional.ConcurrencyTest
[INFO] Running com.google.gson.functional.EnumWithObfuscatedTest
[INFO] Tests run: 1, Failures: 0, Errors: 0, Skipped: 0, Time elapsed: 0 s -- in com.google.gson.functional.EnumWithObfuscatedTest
[INFO] Running com.google.gson.functional.ParameterizedTypesTest
[INFO] Tests run: 18, Failures: 0, Errors: 0, Skipped: 0, Time elapsed: 0.009 s -- in com.google.gson.functional.ParameterizedTypesTest
[INFO] Running com.google.gson.functional.NullObjectAndFieldTest
[INFO] Tests run: 16, Failures: 0, Errors: 0, Skipped: 0, Time elapsed: 0.003 s -- in com.google.gson.functional.NullObjectAndFieldTest
[INFO] Running com.google.gson.functional.JsonAdapterSerializerDeserializerTest
[INFO] Tests run: 4, Failures: 0, Errors: 0, Skipped: 0, Time elapsed: 0.001 s -- in com.google.gson.functional.JsonAdapterSerializerDeserializerTest
[INFO] Running com.google.gson.functional.ObjectTest
[INFO] Tests run: 50, Failures: 0, Errors: 0, Skipped: 0, Time elapsed: 0.014 s -- in com.google.gson.functional.ObjectTest
[INFO] Running com.google.gson.functional.Java17RecordTest
[INFO] Tests run: 25, Failures: 0, Errors: 0, Skipped: 0, Time elapsed: 0.020 s -- in com.google.gson.functional.Java17RecordTest
[INFO] Running com.google.gson.functional.CustomSerializerTest
[INFO] Tests run: 5, Failures: 0, Errors: 0, Skipped: 0, Time elapsed: 0 s -- in com.google.gson.functional.CustomSerializerTest
[INFO] Running com.google.gson.functional.PrimitiveCharacterTest
[INFO] Tests run: 2, Failures: 0, Errors: 0, Skipped: 0, Time elapsed: 0 s -- in com.google.gson.functional.PrimitiveCharacterTest
[INFO] Running com.google.gson.functional.FormattingStyleTest
[INFO] Tests run: 9, Failures: 0, Errors: 0, Skipped: 0, Time elapsed: 0.008 s -- in com.google.gson.functional.FormattingStyleTest
[INFO] Running com.google.gson.functional.ExposeFieldsTest
[INFO] Tests run: 8, Failures: 0, Errors: 0, Skipped: 0, Time elapsed: 0.002 s -- in com.google.gson.functional.ExposeFieldsTest
[INFO] Running com.google.gson.functional.UncategorizedTest
[INFO] Tests run: 6, Failures: 0, Errors: 0, Skipped: 0, Time elapsed: 0.001 s -- in com.google.gson.functional.UncategorizedTest
[INFO] Running com.google.gson.functional.EscapingTest
[INFO] Tests run: 5, Failures: 0, Errors: 0, Skipped: 0, Time elapsed: 0 s -- in com.google.gson.functional.EscapingTest
[INFO] Running com.google.gson.functional.CustomDeserializerTest
[INFO] Tests run: 7, Failures: 0, Errors: 0, Skipped: 0, Time elapsed: 0 s -- in com.google.gson.functional.CustomDeserializerTest
[INFO] Running com.google.gson.functional.NumberLimitsTest
[INFO] Tests run: 6, Failures: 0, Errors: 0, Skipped: 0, Time elapsed: 0.067 s -- in com.google.gson.functional.NumberLimitsTest
[INFO] Running com.google.gson.functional.ReadersWritersTest
[INFO] Tests run: 11, Failures: 0, Errors: 0, Skipped: 0, Time elapsed: 0.001 s -- in com.google.gson.functional.ReadersWritersTest
[INFO] Running com.google.gson.functional.EnumTest
[INFO] Tests run: 16, Failures: 0, Errors: 0, Skipped: 0, Time elapsed: 0.005 s -- in com.google.gson.functional.EnumTest
[INFO] Running com.google.gson.functional.SerializedNameTest
[INFO] Tests run: 3, Failures: 0, Errors: 0, Skipped: 0, Time elapsed: 0 s -- in com.google.gson.functional.SerializedNameTest
[INFO] Running com.google.gson.functional.PrettyPrintingTest
[INFO] Tests run: 8, Failures: 0, Errors: 0, Skipped: 0, Time elapsed: 0 s -- in com.google.gson.functional.PrettyPrintingTest
[INFO] Running com.google.gson.functional.TypeVariableTest
[INFO] Tests run: 3, Failures: 0, Errors: 0, Skipped: 0, Time elapsed: 0 s -- in com.google.gson.functional.TypeVariableTest
[INFO] Running com.google.gson.functional.NamingPolicyTest
[INFO] Tests run: 22, Failures: 0, Errors: 0, Skipped: 0, Time elapsed: 0.001 s -- in com.google.gson.functional.NamingPolicyTest
[INFO] Running com.google.gson.functional.TypeHierarchyAdapterTest
[INFO] Tests run: 3, Failures: 0, Errors: 0, Skipped: 0, Time elapsed: 0 s -- in com.google.gson.functional.TypeHierarchyAdapterTest
[INFO] Running com.google.gson.functional.FieldExclusionTest
[INFO] Tests run: 3, Failures: 0, Errors: 0, Skipped: 0, Time elapsed: 0 s -- in com.google.gson.functional.FieldExclusionTest
[INFO] Running com.google.gson.functional.TypeAdapterPrecedenceTest
[INFO] Tests run: 8, Failures: 0, Errors: 0, Skipped: 0, Time elapsed: 0.001 s -- in com.google.gson.functional.TypeAdapterPrecedenceTest
[INFO] Running com.google.gson.functional.CustomTypeAdaptersTest
[WARNING] Tests run: 21, Failures: 0, Errors: 0, Skipped: 2, Time elapsed: 0.001 s -- in com.google.gson.functional.CustomTypeAdaptersTest
[INFO] Running com.google.gson.functional.InterfaceTest
[INFO] Tests run: 2, Failures: 0, Errors: 0, Skipped: 0, Time elapsed: 0 s -- in com.google.gson.functional.InterfaceTest
[INFO] Running com.google.gson.functional.TreeTypeAdaptersTest
[INFO] Tests run: 2, Failures: 0, Errors: 0, Skipped: 0, Time elapsed: 0 s -- in com.google.gson.functional.TreeTypeAdaptersTest
[INFO] Running com.google.gson.functional.ExclusionStrategyFunctionalTest
[INFO] Tests run: 9, Failures: 0, Errors: 0, Skipped: 0, Time elapsed: 0.002 s -- in com.google.gson.functional.ExclusionStrategyFunctionalTest
[INFO] Running com.google.gson.functional.LeniencyTest
[INFO] Tests run: 1, Failures: 0, Errors: 0, Skipped: 0, Time elapsed: 0 s -- in com.google.gson.functional.LeniencyTest
[INFO] Running com.google.gson.functional.PrintFormattingTest
[INFO] Tests run: 3, Failures: 0, Errors: 0, Skipped: 0, Time elapsed: 0 s -- in com.google.gson.functional.PrintFormattingTest
[INFO] Running com.google.gson.functional.VersioningTest
[INFO] Tests run: 10, Failures: 0, Errors: 0, Skipped: 0, Time elapsed: 0 s -- in com.google.gson.functional.VersioningTest
[INFO] Running com.google.gson.functional.TypeAdapterRuntimeTypeWrapperTest
[INFO] Tests run: 7, Failures: 0, Errors: 0, Skipped: 0, Time elapsed: 0.001 s -- in com.google.gson.functional.TypeAdapterRuntimeTypeWrapperTest
[INFO] Running com.google.gson.DefaultInetAddressTypeAdapterTest
[INFO] Tests run: 1, Failures: 0, Errors: 0, Skipped: 0, Time elapsed: 0.014 s -- in com.google.gson.DefaultInetAddressTypeAdapterTest
[INFO] Running com.google.gson.SubsetTest
[INFO] Tests run: 2, Failures: 0, Errors: 0, Skipped: 0, Time elapsed: 0 s -- in com.google.gson.SubsetTest
[INFO] Running com.google.gson.ObjectTypeAdapterParameterizedTest
[INFO] Tests run: 8, Failures: 0, Errors: 0, Skipped: 0, Time elapsed: 0 s -- in com.google.gson.ObjectTypeAdapterParameterizedTest
[INFO] Running com.google.gson.FieldNamingPolicyTest
[INFO] Tests run: 4, Failures: 0, Errors: 0, Skipped: 0, Time elapsed: 0 s -- in com.google.gson.FieldNamingPolicyTest
[INFO] Running com.google.gson.LongSerializationPolicyTest
[INFO] Tests run: 6, Failures: 0, Errors: 0, Skipped: 0, Time elapsed: 0 s -- in com.google.gson.LongSerializationPolicyTest
[INFO] 
[INFO] Results:
[INFO] 
[WARNING] Tests run: 4586, Failures: 0, Errors: 0, Skipped: 20
[INFO] 
[INFO] ------------------------------------------------------------------------
[INFO] BUILD SUCCESS
[INFO] ------------------------------------------------------------------------
[INFO] Total time:  20.809 s
[INFO] Finished at: 2026-03-29T18:12:24-06:00
[INFO] ------------------------------------------------------------------------
